<?xml version="1.0" encoding="UTF-8"?>
<testng-results ignored="0" total="3" passed="3" failed="0" skipped="0">
  <reporter-output>
  </reporter-output>
  <suite started-at="2020-04-25T07:18:25 PDT" name="Suite" finished-at="2020-04-25T07:19:38 PDT" duration-ms="72930">
    <groups>
    </groups>
    <test started-at="2020-04-25T07:18:25 PDT" name="Test" finished-at="2020-04-25T07:19:38 PDT" duration-ms="72930">
      <class name="com.infostretch.kayak.testcases.SearchFlights">
        <test-method is-config="true" signature="initBrowser(java.lang.String)[pri:0, instance:com.infostretch.kayak.testcases.SearchFlights@68f4865]" started-at="2020-04-25T07:18:25 PDT" name="initBrowser" finished-at="2020-04-25T07:18:28 PDT" duration-ms="2285" status="PASS">
          <params>
            <param index="0">
              <value>
                <![CDATA[chrome]]>
              </value>
            </param>
          </params>
          <reporter-output>
          </reporter-output>
        </test-method> <!-- initBrowser -->
        <test-method signature="searchFlights(java.lang.String, java.lang.String, java.lang.String, java.lang.String, java.lang.String, java.lang.String, java.lang.String)[pri:0, instance:com.infostretch.kayak.testcases.SearchFlights@68f4865]" started-at="2020-04-25T07:18:28 PDT" name="searchFlights" data-provider="searchDataProvider" finished-at="2020-04-25T07:18:49 PDT" duration-ms="20978" status="PASS">
          <params>
            <param index="0">
              <value>
                <![CDATA[Oakland]]>
              </value>
            </param>
            <param index="1">
              <value>
                <![CDATA[Charlotte]]>
              </value>
            </param>
            <param index="2">
              <value>
                <![CDATA[6/12/2020]]>
              </value>
            </param>
            <param index="3">
              <value>
                <![CDATA[7/15/2020]]>
              </value>
            </param>
            <param index="4">
              <value>
                <![CDATA[false]]>
              </value>
            </param>
            <param index="5">
              <value>
                <![CDATA[false]]>
              </value>
            </param>
            <param index="6">
              <value>
                <![CDATA[4]]>
              </value>
            </param>
          </params>
          <reporter-output>
          </reporter-output>
        </test-method> <!-- searchFlights -->
        <test-method is-config="true" signature="closeSession()[pri:0, instance:com.infostretch.kayak.testcases.SearchFlights@68f4865]" started-at="2020-04-25T07:18:49 PDT" name="closeSession" finished-at="2020-04-25T07:18:49 PDT" duration-ms="216" status="PASS">
          <reporter-output>
          </reporter-output>
        </test-method> <!-- closeSession -->
        <test-method is-config="true" signature="initBrowser(java.lang.String)[pri:0, instance:com.infostretch.kayak.testcases.SearchFlights@68f4865]" started-at="2020-04-25T07:18:49 PDT" name="initBrowser" finished-at="2020-04-25T07:18:50 PDT" duration-ms="1482" status="PASS">
          <params>
            <param index="0">
              <value>
                <![CDATA[chrome]]>
              </value>
            </param>
          </params>
          <reporter-output>
          </reporter-output>
        </test-method> <!-- initBrowser -->
        <test-method signature="searchFlights(java.lang.String, java.lang.String, java.lang.String, java.lang.String, java.lang.String, java.lang.String, java.lang.String)[pri:0, instance:com.infostretch.kayak.testcases.SearchFlights@68f4865]" started-at="2020-04-25T07:18:50 PDT" name="searchFlights" data-provider="searchDataProvider" finished-at="2020-04-25T07:19:17 PDT" duration-ms="26564" status="PASS">
          <params>
            <param index="0">
              <value>
                <![CDATA[Dallas]]>
              </value>
            </param>
            <param index="1">
              <value>
                <![CDATA[Mumbai]]>
              </value>
            </param>
            <param index="2">
              <value>
                <![CDATA[8/4/2020]]>
              </value>
            </param>
            <param index="3">
              <value>
                <![CDATA[10/20/2020]]>
              </value>
            </param>
            <param index="4">
              <value>
                <![CDATA[false]]>
              </value>
            </param>
            <param index="5">
              <value>
                <![CDATA[true]]>
              </value>
            </param>
            <param index="6">
              <value>
                <![CDATA[4]]>
              </value>
            </param>
          </params>
          <reporter-output>
          </reporter-output>
        </test-method> <!-- searchFlights -->
        <test-method is-config="true" signature="closeSession()[pri:0, instance:com.infostretch.kayak.testcases.SearchFlights@68f4865]" started-at="2020-04-25T07:19:17 PDT" name="closeSession" finished-at="2020-04-25T07:19:17 PDT" duration-ms="163" status="PASS">
          <reporter-output>
          </reporter-output>
        </test-method> <!-- closeSession -->
        <test-method is-config="true" signature="initBrowser(java.lang.String)[pri:0, instance:com.infostretch.kayak.testcases.SearchFlights@68f4865]" started-at="2020-04-25T07:19:17 PDT" name="initBrowser" finished-at="2020-04-25T07:19:19 PDT" duration-ms="1545" status="PASS">
          <params>
            <param index="0">
              <value>
                <![CDATA[chrome]]>
              </value>
            </param>
          </params>
          <reporter-output>
          </reporter-output>
        </test-method> <!-- initBrowser -->
        <test-method signature="searchFlights(java.lang.String, java.lang.String, java.lang.String, java.lang.String, java.lang.String, java.lang.String, java.lang.String)[pri:0, instance:com.infostretch.kayak.testcases.SearchFlights@68f4865]" started-at="2020-04-25T07:19:19 PDT" name="searchFlights" data-provider="searchDataProvider" finished-at="2020-04-25T07:19:38 PDT" duration-ms="19464" status="PASS">
          <params>
            <param index="0">
              <value>
                <![CDATA[San Jose]]>
              </value>
            </param>
            <param index="1">
              <value>
                <![CDATA[Delhi]]>
              </value>
            </param>
            <param index="2">
              <value>
                <![CDATA[6/20/2020]]>
              </value>
            </param>
            <param index="3">
              <value>
                <![CDATA[7/9/2020]]>
              </value>
            </param>
            <param index="4">
              <value>
                <![CDATA[true]]>
              </value>
            </param>
            <param index="5">
              <value>
                <![CDATA[false]]>
              </value>
            </param>
            <param index="6">
              <value>
                <![CDATA[4]]>
              </value>
            </param>
          </params>
          <reporter-output>
          </reporter-output>
        </test-method> <!-- searchFlights -->
        <test-method is-config="true" signature="closeSession()[pri:0, instance:com.infostretch.kayak.testcases.SearchFlights@68f4865]" started-at="2020-04-25T07:19:38 PDT" name="closeSession" finished-at="2020-04-25T07:19:38 PDT" duration-ms="181" status="PASS">
          <reporter-output>
          </reporter-output>
        </test-method> <!-- closeSession -->
      </class> <!-- com.infostretch.kayak.testcases.SearchFlights -->
    </test> <!-- Test -->
  </suite> <!-- Suite -->
</testng-results>
