<?xml version="1.0" encoding="UTF-8"?>
<testng-results ignored="0" total="3" passed="3" failed="0" skipped="0">
  <reporter-output>
  </reporter-output>
  <suite started-at="2020-04-23T20:27:26 PDT" name="Suite" finished-at="2020-04-23T20:28:35 PDT" duration-ms="68747">
    <groups>
    </groups>
    <test started-at="2020-04-23T20:27:26 PDT" name="Test" finished-at="2020-04-23T20:28:35 PDT" duration-ms="68747">
      <class name="com.infostretch.kayak.testcases.SearchFlights">
        <test-method is-config="true" signature="initBrowser(java.lang.String)[pri:0, instance:com.infostretch.kayak.testcases.SearchFlights@68f4865]" started-at="2020-04-23T20:27:26 PDT" name="initBrowser" finished-at="2020-04-23T20:27:28 PDT" duration-ms="2005" status="PASS">
          <params>
            <param index="0">
              <value>
                <![CDATA[chrome]]>
              </value>
            </param>
          </params>
          <reporter-output>
          </reporter-output>
        </test-method> <!-- initBrowser -->
        <test-method signature="searchFlights(java.lang.String, java.lang.String, java.lang.String, java.lang.String, java.lang.String, java.lang.String, java.lang.String)[pri:0, instance:com.infostretch.kayak.testcases.SearchFlights@68f4865]" started-at="2020-04-23T20:27:28 PDT" name="searchFlights" data-provider="searchDataProvider" finished-at="2020-04-23T20:27:46 PDT" duration-ms="18395" status="PASS">
          <params>
            <param index="0">
              <value>
                <![CDATA[Oakland]]>
              </value>
            </param>
            <param index="1">
              <value>
                <![CDATA[Charlotte]]>
              </value>
            </param>
            <param index="2">
              <value>
                <![CDATA[6/12/2020]]>
              </value>
            </param>
            <param index="3">
              <value>
                <![CDATA[7/15/2020]]>
              </value>
            </param>
            <param index="4">
              <value>
                <![CDATA[false]]>
              </value>
            </param>
            <param index="5">
              <value>
                <![CDATA[false]]>
              </value>
            </param>
            <param index="6">
              <value>
                <![CDATA[4]]>
              </value>
            </param>
          </params>
          <reporter-output>
          </reporter-output>
        </test-method> <!-- searchFlights -->
        <test-method is-config="true" signature="closeSession()[pri:0, instance:com.infostretch.kayak.testcases.SearchFlights@68f4865]" started-at="2020-04-23T20:27:46 PDT" name="closeSession" finished-at="2020-04-23T20:27:46 PDT" duration-ms="186" status="PASS">
          <reporter-output>
          </reporter-output>
        </test-method> <!-- closeSession -->
        <test-method is-config="true" signature="initBrowser(java.lang.String)[pri:0, instance:com.infostretch.kayak.testcases.SearchFlights@68f4865]" started-at="2020-04-23T20:27:46 PDT" name="initBrowser" finished-at="2020-04-23T20:27:48 PDT" duration-ms="1337" status="PASS">
          <params>
            <param index="0">
              <value>
                <![CDATA[chrome]]>
              </value>
            </param>
          </params>
          <reporter-output>
          </reporter-output>
        </test-method> <!-- initBrowser -->
        <test-method signature="searchFlights(java.lang.String, java.lang.String, java.lang.String, java.lang.String, java.lang.String, java.lang.String, java.lang.String)[pri:0, instance:com.infostretch.kayak.testcases.SearchFlights@68f4865]" started-at="2020-04-23T20:27:48 PDT" name="searchFlights" data-provider="searchDataProvider" finished-at="2020-04-23T20:28:15 PDT" duration-ms="26841" status="PASS">
          <params>
            <param index="0">
              <value>
                <![CDATA[Dallas]]>
              </value>
            </param>
            <param index="1">
              <value>
                <![CDATA[Mumbai]]>
              </value>
            </param>
            <param index="2">
              <value>
                <![CDATA[8/4/2020]]>
              </value>
            </param>
            <param index="3">
              <value>
                <![CDATA[10/20/2020]]>
              </value>
            </param>
            <param index="4">
              <value>
                <![CDATA[false]]>
              </value>
            </param>
            <param index="5">
              <value>
                <![CDATA[true]]>
              </value>
            </param>
            <param index="6">
              <value>
                <![CDATA[4]]>
              </value>
            </param>
          </params>
          <reporter-output>
          </reporter-output>
        </test-method> <!-- searchFlights -->
        <test-method is-config="true" signature="closeSession()[pri:0, instance:com.infostretch.kayak.testcases.SearchFlights@68f4865]" started-at="2020-04-23T20:28:15 PDT" name="closeSession" finished-at="2020-04-23T20:28:15 PDT" duration-ms="177" status="PASS">
          <reporter-output>
          </reporter-output>
        </test-method> <!-- closeSession -->
        <test-method is-config="true" signature="initBrowser(java.lang.String)[pri:0, instance:com.infostretch.kayak.testcases.SearchFlights@68f4865]" started-at="2020-04-23T20:28:15 PDT" name="initBrowser" finished-at="2020-04-23T20:28:16 PDT" duration-ms="1352" status="PASS">
          <params>
            <param index="0">
              <value>
                <![CDATA[chrome]]>
              </value>
            </param>
          </params>
          <reporter-output>
          </reporter-output>
        </test-method> <!-- initBrowser -->
        <test-method signature="searchFlights(java.lang.String, java.lang.String, java.lang.String, java.lang.String, java.lang.String, java.lang.String, java.lang.String)[pri:0, instance:com.infostretch.kayak.testcases.SearchFlights@68f4865]" started-at="2020-04-23T20:28:16 PDT" name="searchFlights" data-provider="searchDataProvider" finished-at="2020-04-23T20:28:34 PDT" duration-ms="18211" status="PASS">
          <params>
            <param index="0">
              <value>
                <![CDATA[San Jose]]>
              </value>
            </param>
            <param index="1">
              <value>
                <![CDATA[Delhi]]>
              </value>
            </param>
            <param index="2">
              <value>
                <![CDATA[6/20/2020]]>
              </value>
            </param>
            <param index="3">
              <value>
                <![CDATA[7/9/2020]]>
              </value>
            </param>
            <param index="4">
              <value>
                <![CDATA[true]]>
              </value>
            </param>
            <param index="5">
              <value>
                <![CDATA[false]]>
              </value>
            </param>
            <param index="6">
              <value>
                <![CDATA[4]]>
              </value>
            </param>
          </params>
          <reporter-output>
          </reporter-output>
        </test-method> <!-- searchFlights -->
        <test-method is-config="true" signature="closeSession()[pri:0, instance:com.infostretch.kayak.testcases.SearchFlights@68f4865]" started-at="2020-04-23T20:28:34 PDT" name="closeSession" finished-at="2020-04-23T20:28:35 PDT" duration-ms="205" status="PASS">
          <reporter-output>
          </reporter-output>
        </test-method> <!-- closeSession -->
      </class> <!-- com.infostretch.kayak.testcases.SearchFlights -->
    </test> <!-- Test -->
  </suite> <!-- Suite -->
</testng-results>
