<?xml version="1.0" encoding="UTF-8"?>
<!-- Generated by org.testng.reporters.JUnitXMLReporter -->
<testsuite ignored="0" hostname="Nimishas-MacBook-Pro.local" failures="0" tests="3" name="Test" time="68.747" errors="0" timestamp="2020-04-23T20:28:40 PDT">
  <testcase classname="com.infostretch.kayak.testcases.SearchFlights" name="searchFlights" time="18.395"/>
  <testcase classname="com.infostretch.kayak.testcases.SearchFlights" name="searchFlights" time="26.841"/>
  <testcase classname="com.infostretch.kayak.testcases.SearchFlights" name="searchFlights" time="18.211"/>
</testsuite> <!-- Test -->
