<?xml version="1.0" encoding="UTF-8"?>
<!-- Generated by org.testng.reporters.JUnitXMLReporter -->
<testsuite ignored="0" hostname="Nimishas-MacBook-Pro.local" failures="0" tests="3" name="Test" time="72.93" errors="0" timestamp="2020-04-25T07:19:43 PDT">
  <testcase classname="com.infostretch.kayak.testcases.SearchFlights" name="searchFlights" time="20.978"/>
  <testcase classname="com.infostretch.kayak.testcases.SearchFlights" name="searchFlights" time="26.564"/>
  <testcase classname="com.infostretch.kayak.testcases.SearchFlights" name="searchFlights" time="19.464"/>
</testsuite> <!-- Test -->
